Operating system: Microsoft Windows NT 6.2.9200.0
Opening INI file "C:\Users\jacks\Downloads\Sonic-1-Prototype-Disassembly-main\Sonic-1-Prototype-Disassembly-main\SonLVL\SonLVL.ini"...
Game type is S1.
Loading Star Light Zone Act 1...
Loading 16x16 blocks from file "../Level/Star Light Zone/Block16.bin", using compression Uncompressed...
Loading 8x8 tiles from file "../Level/Star Light Zone/Art.bin", using compression Nemesis...
Loading 256x256 chunks from file "../Level/Star Light Zone/Block256.bin", using compression Kosinski...
Loading palette file "../Palettes/sonic.bin"...
Source: 0 Destination: 0 Length: 16
Loading FG layout from file "../Level/Star Light Zone/Layout1.bin", using compression Uncompressed...
Loading palette file "../Palettes/slz.bin"...
Source: 0 Destination: 16 Length: 48
Loading BG layout from file "../Level/Star Light Zone/LayBG.bin", using compression Uncompressed...
Loading FG layout from file "../Level/Star Light Zone/Layout2.bin", using compression Uncompressed...
Loading FG layout from file "../Level/Star Light Zone/Layout3.bin", using compression Uncompressed...
Loading object definition file "obj.ini".
Loading object definition file "objSLZ.ini".
Loading ObjectDefinition type S1ObjectDefinitions.Common.Ring from "Common\Ring.cs"...
Compiling code file...
Compile failed.
Errors:
c:\Users\jacks\Downloads\Sonic-1-Prototype-Disassembly-main\Sonic-1-Prototype-Disassembly-main\SonLVL\Common\Ring.cs(10,15) : error CS0534: 'S1ObjectDefinitions.Common.Ring' does not implement inherited abstract member 'SonicRetro.SonLVL.API.ObjectDefinition.GetBounds(SonicRetro.SonLVL.API.ObjectEntry, System.Drawing.Point)'

Loading objects from file "../Level/Star Light Zone/ObjPos1.bin", using compression Uncompressed...
Drawing block bitmaps...
Drawing chunk bitmaps...
Load completed.
Saving Star Light Zone Act 1...
Saving Star Light Zone Act 1...
Saving Star Light Zone Act 1...
Saving Star Light Zone Act 1...
Saving Star Light Zone Act 1...
Saving Star Light Zone Act 1...
Saving Star Light Zone Act 1...
Saving Star Light Zone Act 1...
Saving Star Light Zone Act 1...
Saving Star Light Zone Act 1...
Saving Star Light Zone Act 1...
System.ArgumentOutOfRangeException: Value of '-255' is not valid for 'Value'. 'Value' should be between 'minimum' and 'maximum'.
Parameter name: Value
   at System.Windows.Forms.ScrollBar.set_Value(Int32 value)
   at SonicRetro.SonLVL.ScrollingPanel.set_VScrollValue(Int32 value) in E:\AutoBuild\SonLVL\SonLVL\ScrollingPanel.cs:line 67
   at SonicRetro.SonLVL.GUI.MainForm.foregroundPanel_KeyDown(Object sender, KeyEventArgs e) in E:\AutoBuild\SonLVL\SonLVL\MainForm.cs:line 2223
   at System.Windows.Forms.KeyEventHandler.Invoke(Object sender, KeyEventArgs e)
   at SonicRetro.SonLVL.ScrollingPanel.panel_KeyDown(Object sender, KeyEventArgs e) in E:\AutoBuild\SonLVL\SonLVL\ScrollingPanel.cs:line 134
   at System.Windows.Forms.Control.OnKeyDown(KeyEventArgs e)
   at System.Windows.Forms.Control.ProcessKeyEventArgs(Message& m)
   at System.Windows.Forms.Control.ProcessKeyMessage(Message& m)
   at System.Windows.Forms.Control.WmKeyChar(Message& m)
   at System.Windows.Forms.Control.WndProc(Message& m)
   at System.Windows.Forms.ScrollableControl.WndProc(Message& m)
   at System.Windows.Forms.ContainerControl.WndProc(Message& m)
   at System.Windows.Forms.UserControl.WndProc(Message& m)
   at System.Windows.Forms.Control.ControlNativeWindow.OnMessage(Message& m)
   at System.Windows.Forms.Control.ControlNativeWindow.WndProc(Message& m)
   at System.Windows.Forms.NativeWindow.Callback(IntPtr hWnd, Int32 msg, IntPtr wparam, IntPtr lparam)
Saving Star Light Zone Act 1...
Saving Star Light Zone Act 1...
Saving Star Light Zone Act 1...
Saving Star Light Zone Act 1...
Saving Star Light Zone Act 1...
Saving Star Light Zone Act 1...
Saving Star Light Zone Act 1...
Saving Star Light Zone Act 1...
Saving Star Light Zone Act 1...
Saving Star Light Zone Act 1...
Saving Star Light Zone Act 1...
Saving Star Light Zone Act 1...
Saving Star Light Zone Act 1...
Saving Star Light Zone Act 1...
Loading Sparkling Zone Act 1...
Loading palette file "../Palettes/sonic.bin"...
Source: 0 Destination: 0 Length: 16
Loading 16x16 blocks from file "../Level/Sparkling Zone/Block16.bin", using compression Uncompressed...
Loading FG layout from file "../Level/Sparkling Zone/Layout1.bin", using compression Uncompressed...
Loading 256x256 chunks from file "../Level/Sparkling Zone/Block256.bin", using compression Kosinski...
Loading 8x8 tiles from file "../Level/Sparkling Zone/Art.bin", using compression Nemesis...
Loading palette file "../Palettes/sz.bin"...
Source: 0 Destination: 16 Length: 48
Loading BG layout from file "../Level/Sparkling Zone/LayBG.bin", using compression Uncompressed...
Loading FG layout from file "../Level/Sparkling Zone/Layout2.bin", using compression Uncompressed...
Loading FG layout from file "../Level/Sparkling Zone/Layout3.bin", using compression Uncompressed...
Loading object definition file "obj.ini".
Loading object definition file "objSZ.ini".
Loading ObjectDefinition type S1ObjectDefinitions.Common.Ring from "Common\Ring.cs"...
Compiling code file...
Loading ObjectDefinition type S1ObjectDefinitions.SYZ.Block from "SZ\Block.cs"...
Loading ObjectDefinition type S1ObjectDefinitions.SYZ.SpikeballChain from "SZ\SpikeballChain.cs"...
Compiling code file...
Compiling code file...
Loading ObjectDefinition type S1ObjectDefinitions.SYZ.BigSpikedBall from "SZ\BigSpikedBall.cs"...
Compiling code file...
Compile failed.
Errors:
c:\Users\jacks\Downloads\Sonic-1-Prototype-Disassembly-main\Sonic-1-Prototype-Disassembly-main\SonLVL\Common\Ring.cs(10,15) : error CS0534: 'S1ObjectDefinitions.Common.Ring' does not implement inherited abstract member 'SonicRetro.SonLVL.API.ObjectDefinition.GetBounds(SonicRetro.SonLVL.API.ObjectEntry, System.Drawing.Point)'

Compile failed.
Errors:
c:\Users\jacks\Downloads\Sonic-1-Prototype-Disassembly-main\Sonic-1-Prototype-Disassembly-main\SonLVL\SZ\BigSpikedBall.cs(9,8) : error CS0534: 'S1ObjectDefinitions.SYZ.BigSpikedBall' does not implement inherited abstract member 'SonicRetro.SonLVL.API.ObjectDefinition.GetBounds(SonicRetro.SonLVL.API.ObjectEntry, System.Drawing.Point)'

Compile failed.
Errors:
c:\Users\jacks\Downloads\Sonic-1-Prototype-Disassembly-main\Sonic-1-Prototype-Disassembly-main\SonLVL\SZ\Block.cs(8,8) : error CS0534: 'S1ObjectDefinitions.SYZ.Block' does not implement inherited abstract member 'SonicRetro.SonLVL.API.ObjectDefinition.GetBounds(SonicRetro.SonLVL.API.ObjectEntry, System.Drawing.Point)'

Compile failed.
Errors:
c:\Users\jacks\Downloads\Sonic-1-Prototype-Disassembly-main\Sonic-1-Prototype-Disassembly-main\SonLVL\SZ\SpikeballChain.cs(9,8) : error CS0534: 'S1ObjectDefinitions.SYZ.SpikeballChain' does not implement inherited abstract member 'SonicRetro.SonLVL.API.ObjectDefinition.GetBounds(SonicRetro.SonLVL.API.ObjectEntry, System.Drawing.Point)'

Loading objects from file "../Level/Sparkling Zone/ObjPos1.bin", using compression Uncompressed...
Drawing block bitmaps...
Drawing chunk bitmaps...
Load completed.
Saving Sparkling Zone Act 1...
Saving Sparkling Zone Act 1...
Loading Green Hill Zone Act 1...
Loading palette file "../Palettes/sonic.bin"...
Source: 0 Destination: 0 Length: 16
Loading 16x16 blocks from file "../Level/Green Hill Zone/Block16.bin", using compression Uncompressed...
Loading 256x256 chunks from file "../Level/Green Hill Zone/Block256.bin", using compression Kosinski...
Loading FG layout from file "../Level/Green Hill Zone/Layout1.bin", using compression Uncompressed...
Loading palette file "../Palettes/ghz.bin"...
Source: 0 Destination: 16 Length: 48
Loading BG layout from file "../Level/Green Hill Zone/LayBG1.bin", using compression Uncompressed...
Loading FG layout from file "../Level/Green Hill Zone/Layout2.bin", using compression Uncompressed...
Loading BG layout from file "../Level/Green Hill Zone/LayBG2.bin", using compression Uncompressed...
Loading FG layout from file "../Level/Green Hill Zone/Layout3.bin", using compression Uncompressed...
Loading BG layout from file "../Level/Green Hill Zone/LayBG3.bin", using compression Uncompressed...
Loading 8x8 tiles from file "../Level/Green Hill Zone/Art2.bin", using compression Nemesis...
Loading object definition file "obj.ini".
Loading object definition file "objGHZ.ini".
Loading ObjectDefinition type S1ObjectDefinitions.Common.Ring from "Common\Ring.cs"...
Compiling code file...
Loading ObjectDefinition type S1ObjectDefinitions.GHZ.Bridge from "GHZ\Bridge.cs"...
Loading ObjectDefinition type S1ObjectDefinitions.GHZ.SpikedPole from "GHZ\SpikedPole.cs"...
Loading ObjectDefinition type S1ObjectDefinitions.GHZ.SwingingPlatform from "GHZ\SwingingPlatform.cs"...
Compiling code file...
Compiling code file...
Compiling code file...
Compile failed.
Errors:
c:\Users\jacks\Downloads\Sonic-1-Prototype-Disassembly-main\Sonic-1-Prototype-Disassembly-main\SonLVL\GHZ\SpikedPole.cs(10,8) : error CS0534: 'S1ObjectDefinitions.GHZ.SpikedPole' does not implement inherited abstract member 'SonicRetro.SonLVL.API.ObjectDefinition.GetBounds(SonicRetro.SonLVL.API.ObjectEntry, System.Drawing.Point)'

Compile failed.
Errors:
c:\Users\jacks\Downloads\Sonic-1-Prototype-Disassembly-main\Sonic-1-Prototype-Disassembly-main\SonLVL\Common\Ring.cs(10,15) : error CS0534: 'S1ObjectDefinitions.Common.Ring' does not implement inherited abstract member 'SonicRetro.SonLVL.API.ObjectDefinition.GetBounds(SonicRetro.SonLVL.API.ObjectEntry, System.Drawing.Point)'

Compile failed.
Errors:
c:\Users\jacks\Downloads\Sonic-1-Prototype-Disassembly-main\Sonic-1-Prototype-Disassembly-main\SonLVL\GHZ\SwingingPlatform.cs(9,8) : error CS0534: 'S1ObjectDefinitions.GHZ.SwingingPlatform' does not implement inherited abstract member 'SonicRetro.SonLVL.API.ObjectDefinition.GetBounds(SonicRetro.SonLVL.API.ObjectEntry, System.Drawing.Point)'

Compile failed.
Errors:
c:\Users\jacks\Downloads\Sonic-1-Prototype-Disassembly-main\Sonic-1-Prototype-Disassembly-main\SonLVL\GHZ\Bridge.cs(9,8) : error CS0534: 'S1ObjectDefinitions.GHZ.Bridge' does not implement inherited abstract member 'SonicRetro.SonLVL.API.ObjectDefinition.GetBounds(SonicRetro.SonLVL.API.ObjectEntry, System.Drawing.Point)'

Loading objects from file "../Level/Green Hill Zone/ObjPos1.bin", using compression Uncompressed...
Drawing block bitmaps...
Drawing chunk bitmaps...
Load completed.
System.ArgumentOutOfRangeException: Index must be within the bounds of the List.
Parameter name: index
   at System.ThrowHelper.ThrowArgumentOutOfRangeException(ExceptionArgument argument, ExceptionResource resource)
   at System.Collections.Generic.List`1.Insert(Int32 index, T item)
   at SonicRetro.SonLVL.GUI.Extensions.Move[T](IList`1 list, Int32 src, Int32 dst) in E:\AutoBuild\SonLVL\SonLVL\Extensions.cs:line 92
   at SonicRetro.SonLVL.GUI.MainForm.PalettePanel_MouseUp(Object sender, MouseEventArgs e) in E:\AutoBuild\SonLVL\SonLVL\MainForm.cs:line 4228
   at System.Windows.Forms.Control.OnMouseUp(MouseEventArgs e)
   at System.Windows.Forms.Control.WmMouseUp(Message& m, MouseButtons button, Int32 clicks)
   at System.Windows.Forms.Control.WndProc(Message& m)
   at System.Windows.Forms.ScrollableControl.WndProc(Message& m)
   at System.Windows.Forms.Control.ControlNativeWindow.OnMessage(Message& m)
   at System.Windows.Forms.Control.ControlNativeWindow.WndProc(Message& m)
   at System.Windows.Forms.NativeWindow.Callback(IntPtr hWnd, Int32 msg, IntPtr wparam, IntPtr lparam)
Saving Green Hill Zone Act 1...
Saving Green Hill Zone Act 1...
Loading Green Hill Zone Act 2...
Loading palette file "../Palettes/sonic.bin"...
Source: 0 Destination: 0 Length: 16
Loading 8x8 tiles from file "../Level/Green Hill Zone/Art1.bin", using compression Nemesis...
Loading FG layout from file "../Level/Green Hill Zone/Layout2.bin", using compression Uncompressed...

Loading 16x16 blocks from file "../Level/Green Hill Zone/Block16.bin", using compression Uncompressed...
Loading palette file "../Palettes/ghz.bin"...
Source: 0 Destination: 16 Length: 48
Loading BG layout from file "../Level/Green Hill Zone/LayBG2.bin", using compression Uncompressed...
Loading FG layout from file "../Level/Green Hill Zone/Layout1.bin", using compression Uncompressed...
Loading BG layout from file "../Level/Green Hill Zone/LayBG1.bin", using compression Uncompressed...
Loading FG layout from file "../Level/Green Hill Zone/Layout3.bin", using compression Uncompressed...
Loading BG layout from file "../Level/Green Hill Zone/LayBG3.bin", using compression Uncompressed...
Loading 8x8 tiles from file "../Level/Green Hill Zone/Art2.bin", using compression Nemesis...
Loading object definition file "obj.ini".
Loading object definition file "objGHZ.ini".
Loading ObjectDefinition type S1ObjectDefinitions.Common.Ring from "Common\Ring.cs"...
Loading ObjectDefinition type S1ObjectDefinitions.GHZ.Bridge from "GHZ\Bridge.cs"...
Loading ObjectDefinition type S1ObjectDefinitions.GHZ.SwingingPlatform from "GHZ\SwingingPlatform.cs"...
Compiling code file...
Loading ObjectDefinition type S1ObjectDefinitions.GHZ.SpikedPole from "GHZ\SpikedPole.cs"...
Compiling code file...
Compiling code file...
Compiling code file...
Compile failed.
Errors:
c:\Users\jacks\Downloads\Sonic-1-Prototype-Disassembly-main\Sonic-1-Prototype-Disassembly-main\SonLVL\GHZ\SpikedPole.cs(10,8) : error CS0534: 'S1ObjectDefinitions.GHZ.SpikedPole' does not implement inherited abstract member 'SonicRetro.SonLVL.API.ObjectDefinition.GetBounds(SonicRetro.SonLVL.API.ObjectEntry, System.Drawing.Point)'

Compile failed.
Errors:
c:\Users\jacks\Downloads\Sonic-1-Prototype-Disassembly-main\Sonic-1-Prototype-Disassembly-main\SonLVL\GHZ\Bridge.cs(9,8) : error CS0534: 'S1ObjectDefinitions.GHZ.Bridge' does not implement inherited abstract member 'SonicRetro.SonLVL.API.ObjectDefinition.GetBounds(SonicRetro.SonLVL.API.ObjectEntry, System.Drawing.Point)'

Compile failed.
Errors:
c:\Users\jacks\Downloads\Sonic-1-Prototype-Disassembly-main\Sonic-1-Prototype-Disassembly-main\SonLVL\Common\Ring.cs(10,15) : error CS0534: 'S1ObjectDefinitions.Common.Ring' does not implement inherited abstract member 'SonicRetro.SonLVL.API.ObjectDefinition.GetBounds(SonicRetro.SonLVL.API.ObjectEntry, System.Drawing.Point)'

Compile failed.
Errors:
c:\Users\jacks\Downloads\Sonic-1-Prototype-Disassembly-main\Sonic-1-Prototype-Disassembly-main\SonLVL\GHZ\SwingingPlatform.cs(9,8) : error CS0534: 'S1ObjectDefinitions.GHZ.SwingingPlatform' does not implement inherited abstract member 'SonicRetro.SonLVL.API.ObjectDefinition.GetBounds(SonicRetro.SonLVL.API.ObjectEntry, System.Drawing.Point)'

Loading objects from file "../Level/Green Hill Zone/ObjPos2.bin", using compression Uncompressed...
Drawing block bitmaps...
Drawing chunk bitmaps...
Load completed.
Saving Green Hill Zone Act 2...
Loading Green Hill Zone Act 3...
Loading palette file "../Palettes/sonic.bin"...
Source: 0 Destination: 0 Length: 16
Loading 8x8 tiles from file "../Level/Green Hill Zone/Art1.bin", using compression Nemesis...

Loading 256x256 chunks from file "../Level/Green Hill Zone/Block256.bin", using compression Kosinski...
Loading FG layout from file "../Level/Green Hill Zone/Layout3.bin", using compression Uncompressed...
Loading palette file "../Palettes/ghz.bin"...
Source: 0 Destination: 16 Length: 48
Loading BG layout from file "../Level/Green Hill Zone/LayBG3.bin", using compression Uncompressed...
Loading FG layout from file "../Level/Green Hill Zone/Layout1.bin", using compression Uncompressed...
Loading BG layout from file "../Level/Green Hill Zone/LayBG1.bin", using compression Uncompressed...
Loading FG layout from file "../Level/Green Hill Zone/Layout2.bin", using compression Uncompressed...
Loading BG layout from file "../Level/Green Hill Zone/LayBG2.bin", using compression Uncompressed...
Loading 8x8 tiles from file "../Level/Green Hill Zone/Art2.bin", using compression Nemesis...
Loading object definition file "obj.ini".
Loading object definition file "objGHZ.ini".
Loading ObjectDefinition type S1ObjectDefinitions.Common.Ring from "Common\Ring.cs"...
Loading ObjectDefinition type S1ObjectDefinitions.GHZ.Bridge from "GHZ\Bridge.cs"...
Loading ObjectDefinition type S1ObjectDefinitions.GHZ.SpikedPole from "GHZ\SpikedPole.cs"...
Loading ObjectDefinition type S1ObjectDefinitions.GHZ.SwingingPlatform from "GHZ\SwingingPlatform.cs"...
Compiling code file...
Compiling code file...
Compiling code file...
Compiling code file...
Compile failed.
Errors:
c:\Users\jacks\Downloads\Sonic-1-Prototype-Disassembly-main\Sonic-1-Prototype-Disassembly-main\SonLVL\GHZ\SwingingPlatform.cs(9,8) : error CS0534: 'S1ObjectDefinitions.GHZ.SwingingPlatform' does not implement inherited abstract member 'SonicRetro.SonLVL.API.ObjectDefinition.GetBounds(SonicRetro.SonLVL.API.ObjectEntry, System.Drawing.Point)'

Compile failed.
Errors:
c:\Users\jacks\Downloads\Sonic-1-Prototype-Disassembly-main\Sonic-1-Prototype-Disassembly-main\SonLVL\GHZ\SpikedPole.cs(10,8) : error CS0534: 'S1ObjectDefinitions.GHZ.SpikedPole' does not implement inherited abstract member 'SonicRetro.SonLVL.API.ObjectDefinition.GetBounds(SonicRetro.SonLVL.API.ObjectEntry, System.Drawing.Point)'

Compile failed.
Errors:
c:\Users\jacks\Downloads\Sonic-1-Prototype-Disassembly-main\Sonic-1-Prototype-Disassembly-main\SonLVL\GHZ\Bridge.cs(9,8) : error CS0534: 'S1ObjectDefinitions.GHZ.Bridge' does not implement inherited abstract member 'SonicRetro.SonLVL.API.ObjectDefinition.GetBounds(SonicRetro.SonLVL.API.ObjectEntry, System.Drawing.Point)'

Compile failed.
Errors:
c:\Users\jacks\Downloads\Sonic-1-Prototype-Disassembly-main\Sonic-1-Prototype-Disassembly-main\SonLVL\Common\Ring.cs(10,15) : error CS0534: 'S1ObjectDefinitions.Common.Ring' does not implement inherited abstract member 'SonicRetro.SonLVL.API.ObjectDefinition.GetBounds(SonicRetro.SonLVL.API.ObjectEntry, System.Drawing.Point)'

Loading objects from file "../Level/Green Hill Zone/ObjPos3.bin", using compression Uncompressed...
Drawing block bitmaps...
Drawing chunk bitmaps...
Load completed.
Saving Green Hill Zone Act 3...
Loading Marble Zone Act 1...
Loading palette file "../Palettes/sonic.bin"...
Source: 0 Destination: 0 Length: 16
Loading FG layout from file "../Level/Marble Zone/Layout1.bin", using compression Uncompressed...
Loading 16x16 blocks from file "../Level/Marble Zone/Block16.bin", using compression Uncompressed...
Loading 256x256 chunks from file "../Level/Marble Zone/Block256.bin", using compression Kosinski...
Loading palette file "../Palettes/mz.bin"...
Source: 0 Destination: 16 Length: 48
Loading BG layout from file "../Level/Marble Zone/LayBG1.bin", using compression Uncompressed...
Loading FG layout from file "../Level/Marble Zone/Layout2.bin", using compression Uncompressed...
Loading BG layout from file "../Level/Marble Zone/LayBG2.bin", using compression Uncompressed...
Loading FG layout from file "../Level/Marble Zone/Layout3.bin", using compression Uncompressed...
Loading BG layout from file "../Level/Marble Zone/LayBG3.bin", using compression Uncompressed...
Loading object definition file "obj.ini".
Loading object definition file "objMZ.ini".
Loading ObjectDefinition type S1ObjectDefinitions.Common.Ring from "Common\Ring.cs"...
Loading ObjectDefinition type S1ObjectDefinitions.GHZ.SwingingPlatform from "GHZ\SwingingPlatform.cs"...
Compiling code file...
Compiling code file...
Unable to read file "../Art/Nemesis/Fireball.bin" with compression Nemesis:
Loading ObjectDefinition type S1ObjectDefinitions.MZ.SidewaysStomper from "MZ\SidewaysStomper.cs"...
Compiling code file...
Error loading object definition Fireball:
System.IO.FileNotFoundException: Could not find file 'C:\Users\jacks\Downloads\Sonic-1-Prototype-Disassembly-main\Sonic-1-Prototype-Disassembly-main\Art\Nemesis\Fireball.bin'.
File name: 'C:\Users\jacks\Downloads\Sonic-1-Prototype-Disassembly-main\Sonic-1-Prototype-Disassembly-main\Art\Nemesis\Fireball.bin'
   at System.IO.__Error.WinIOError(Int32 errorCode, String maybeFullPath)
   at System.IO.FileStream.Init(String path, FileMode mode, FileAccess access, Int32 rights, Boolean useRights, FileShare share, Int32 bufferSize, FileOptions options, SECURITY_ATTRIBUTES secAttrs, String msgPath, Boolean bFromProxy, Boolean useLongPath, Boolean checkHost)
   at System.IO.FileStream..ctor(String path, FileMode mode, FileAccess access, FileShare share)
   at SonicRetro.KensSharp.Nemesis.Decompress(String sourceFilePath)
   at SonicRetro.SonLVL.API.Compression.Decompress(String file, CompressionType cmp) in E:\AutoBuild\SonLVL\SonLVLAPI\Compression.cs:line 45
   at SonicRetro.SonLVL.API.LevelData.ReadFile(String file, CompressionType cmp) in E:\AutoBuild\SonLVL\SonLVLAPI\LevelData.cs:line 1370
   at SonicRetro.SonLVL.API.DefaultObjectDefinition.Init(ObjectData data) in E:\AutoBuild\SonLVL\SonLVLAPI\ObjectDefinition.cs:line 490
Compile failed.
Errors:
c:\Users\jacks\Downloads\Sonic-1-Prototype-Disassembly-main\Sonic-1-Prototype-Disassembly-main\SonLVL\GHZ\SwingingPlatform.cs(9,8) : error CS0534: 'S1ObjectDefinitions.GHZ.SwingingPlatform' does not implement inherited abstract member 'SonicRetro.SonLVL.API.ObjectDefinition.GetBounds(SonicRetro.SonLVL.API.ObjectEntry, System.Drawing.Point)'

Compile failed.
Errors:
c:\Users\jacks\Downloads\Sonic-1-Prototype-Disassembly-main\Sonic-1-Prototype-Disassembly-main\SonLVL\Common\Ring.cs(10,15) : error CS0534: 'S1ObjectDefinitions.Common.Ring' does not implement inherited abstract member 'SonicRetro.SonLVL.API.ObjectDefinition.GetBounds(SonicRetro.SonLVL.API.ObjectEntry, System.Drawing.Point)'

Compile failed.
Errors:
c:\Users\jacks\Downloads\Sonic-1-Prototype-Disassembly-main\Sonic-1-Prototype-Disassembly-main\SonLVL\MZ\SidewaysStomper.cs(8,8) : error CS0534: 'S1ObjectDefinitions.MZ.SidewaysStomper' does not implement inherited abstract member 'SonicRetro.SonLVL.API.ObjectDefinition.GetBounds(SonicRetro.SonLVL.API.ObjectEntry, System.Drawing.Point)'

Loading objects from file "../Level/Marble Zone/ObjPos1.bin", using compression Uncompressed...
Drawing block bitmaps...
Drawing chunk bitmaps...
Load completed.
Saving Marble Zone Act 1...
Saving Marble Zone Act 1...
Loading Star Light Zone Act 1...
Loading palette file "../Palettes/sonic.bin"...
Source: 0 Destination: 0 Length: 16
Loading FG layout from file "../Level/Star Light Zone/Layout1.bin", using compression Uncompressed...
Loading 16x16 blocks from file "../Level/Star Light Zone/Block16.bin", using compression Uncompressed...
Loading 8x8 tiles from file "../Level/Star Light Zone/Art.bin", using compression Nemesis...

Loading palette file "../Palettes/slz.bin"...
Source: 0 Destination: 16 Length: 48
Loading BG layout from file "../Level/Star Light Zone/LayBG.bin", using compression Uncompressed...
Loading FG layout from file "../Level/Star Light Zone/Layout2.bin", using compression Uncompressed...
Loading FG layout from file "../Level/Star Light Zone/Layout3.bin", using compression Uncompressed...
Loading object definition file "obj.ini".
Loading object definition file "objSLZ.ini".
Loading ObjectDefinition type S1ObjectDefinitions.Common.Ring from "Common\Ring.cs"...
Compiling code file...
Compile failed.
Errors:
c:\Users\jacks\Downloads\Sonic-1-Prototype-Disassembly-main\Sonic-1-Prototype-Disassembly-main\SonLVL\Common\Ring.cs(10,15) : error CS0534: 'S1ObjectDefinitions.Common.Ring' does not implement inherited abstract member 'SonicRetro.SonLVL.API.ObjectDefinition.GetBounds(SonicRetro.SonLVL.API.ObjectEntry, System.Drawing.Point)'

Loading objects from file "../Level/Star Light Zone/ObjPos1.bin", using compression Uncompressed...
Drawing block bitmaps...
Drawing chunk bitmaps...
Load completed.
System.ArgumentOutOfRangeException: Index must be within the bounds of the List.
Parameter name: index
   at System.ThrowHelper.ThrowArgumentOutOfRangeException(ExceptionArgument argument, ExceptionResource resource)
   at System.Collections.Generic.List`1.Insert(Int32 index, T item)
   at SonicRetro.SonLVL.GUI.Extensions.Move[T](IList`1 list, Int32 src, Int32 dst) in E:\AutoBuild\SonLVL\SonLVL\Extensions.cs:line 92
   at SonicRetro.SonLVL.GUI.MainForm.PalettePanel_MouseUp(Object sender, MouseEventArgs e) in E:\AutoBuild\SonLVL\SonLVL\MainForm.cs:line 4228
   at System.Windows.Forms.Control.OnMouseUp(MouseEventArgs e)
   at System.Windows.Forms.Control.WmMouseUp(Message& m, MouseButtons button, Int32 clicks)
   at System.Windows.Forms.Control.WndProc(Message& m)
   at System.Windows.Forms.ScrollableControl.WndProc(Message& m)
   at System.Windows.Forms.Control.ControlNativeWindow.OnMessage(Message& m)
   at System.Windows.Forms.Control.ControlNativeWindow.WndProc(Message& m)
   at System.Windows.Forms.NativeWindow.Callback(IntPtr hWnd, Int32 msg, IntPtr wparam, IntPtr lparam)
System.ArgumentOutOfRangeException: Index must be within the bounds of the List.
Parameter name: index
   at System.ThrowHelper.ThrowArgumentOutOfRangeException(ExceptionArgument argument, ExceptionResource resource)
   at System.Collections.Generic.List`1.Insert(Int32 index, T item)
   at SonicRetro.SonLVL.GUI.Extensions.Move[T](IList`1 list, Int32 src, Int32 dst) in E:\AutoBuild\SonLVL\SonLVL\Extensions.cs:line 92
   at SonicRetro.SonLVL.GUI.MainForm.PalettePanel_MouseUp(Object sender, MouseEventArgs e) in E:\AutoBuild\SonLVL\SonLVL\MainForm.cs:line 4228
   at System.Windows.Forms.Control.OnMouseUp(MouseEventArgs e)
   at System.Windows.Forms.Control.WmMouseUp(Message& m, MouseButtons button, Int32 clicks)
   at System.Windows.Forms.Control.WndProc(Message& m)
   at System.Windows.Forms.ScrollableControl.WndProc(Message& m)
   at System.Windows.Forms.Control.ControlNativeWindow.OnMessage(Message& m)
   at System.Windows.Forms.Control.ControlNativeWindow.WndProc(Message& m)
   at System.Windows.Forms.NativeWindow.Callback(IntPtr hWnd, Int32 msg, IntPtr wparam, IntPtr lparam)
System.ArgumentOutOfRangeException: Index must be within the bounds of the List.
Parameter name: index
   at System.ThrowHelper.ThrowArgumentOutOfRangeException(ExceptionArgument argument, ExceptionResource resource)
   at System.Collections.Generic.List`1.Insert(Int32 index, T item)
   at SonicRetro.SonLVL.GUI.Extensions.Move[T](IList`1 list, Int32 src, Int32 dst) in E:\AutoBuild\SonLVL\SonLVL\Extensions.cs:line 92
   at SonicRetro.SonLVL.GUI.MainForm.PalettePanel_MouseUp(Object sender, MouseEventArgs e) in E:\AutoBuild\SonLVL\SonLVL\MainForm.cs:line 4240
   at System.Windows.Forms.Control.OnMouseUp(MouseEventArgs e)
   at System.Windows.Forms.Control.WmMouseUp(Message& m, MouseButtons button, Int32 clicks)
   at System.Windows.Forms.Control.WndProc(Message& m)
   at System.Windows.Forms.ScrollableControl.WndProc(Message& m)
   at System.Windows.Forms.Control.ControlNativeWindow.OnMessage(Message& m)
   at System.Windows.Forms.Control.ControlNativeWindow.WndProc(Message& m)
   at System.Windows.Forms.NativeWindow.Callback(IntPtr hWnd, Int32 msg, IntPtr wparam, IntPtr lparam)
Saving Star Light Zone Act 1...
Saving Star Light Zone Act 1...
Loading Sparkling Zone Act 1...
Loading palette file "../Palettes/sonic.bin"...
Source: 0 Destination: 0 Length: 16
Loading 16x16 blocks from file "../Level/Sparkling Zone/Block16.bin", using compression Uncompressed...
Loading 8x8 tiles from file "../Level/Sparkling Zone/Art.bin", using compression Nemesis...
Loading 256x256 chunks from file "../Level/Sparkling Zone/Block256.bin", using compression Kosinski...
Loading FG layout from file "../Level/Sparkling Zone/Layout1.bin", using compression Uncompressed...
Loading palette file "../Palettes/sz.bin"...
Source: 0 Destination: 16 Length: 48
Loading BG layout from file "../Level/Sparkling Zone/LayBG.bin", using compression Uncompressed...
Loading FG layout from file "../Level/Sparkling Zone/Layout2.bin", using compression Uncompressed...
Loading FG layout from file "../Level/Sparkling Zone/Layout3.bin", using compression Uncompressed...
Loading object definition file "obj.ini".
Loading object definition file "objSZ.ini".
Loading ObjectDefinition type S1ObjectDefinitions.Common.Ring from "Common\Ring.cs"...
Compiling code file...
Loading ObjectDefinition type S1ObjectDefinitions.SYZ.Block from "SZ\Block.cs"...
Loading ObjectDefinition type S1ObjectDefinitions.SYZ.SpikeballChain from "SZ\SpikeballChain.cs"...
Compiling code file...
Compiling code file...
Loading ObjectDefinition type S1ObjectDefinitions.SYZ.BigSpikedBall from "SZ\BigSpikedBall.cs"...
Compiling code file...
Compile failed.
Errors:
c:\Users\jacks\Downloads\Sonic-1-Prototype-Disassembly-main\Sonic-1-Prototype-Disassembly-main\SonLVL\Common\Ring.cs(10,15) : error CS0534: 'S1ObjectDefinitions.Common.Ring' does not implement inherited abstract member 'SonicRetro.SonLVL.API.ObjectDefinition.GetBounds(SonicRetro.SonLVL.API.ObjectEntry, System.Drawing.Point)'

Compile failed.
Errors:
c:\Users\jacks\Downloads\Sonic-1-Prototype-Disassembly-main\Sonic-1-Prototype-Disassembly-main\SonLVL\SZ\SpikeballChain.cs(9,8) : error CS0534: 'S1ObjectDefinitions.SYZ.SpikeballChain' does not implement inherited abstract member 'SonicRetro.SonLVL.API.ObjectDefinition.GetBounds(SonicRetro.SonLVL.API.ObjectEntry, System.Drawing.Point)'

Compile failed.
Errors:
c:\Users\jacks\Downloads\Sonic-1-Prototype-Disassembly-main\Sonic-1-Prototype-Disassembly-main\SonLVL\SZ\BigSpikedBall.cs(9,8) : error CS0534: 'S1ObjectDefinitions.SYZ.BigSpikedBall' does not implement inherited abstract member 'SonicRetro.SonLVL.API.ObjectDefinition.GetBounds(SonicRetro.SonLVL.API.ObjectEntry, System.Drawing.Point)'

Compile failed.
Errors:
c:\Users\jacks\Downloads\Sonic-1-Prototype-Disassembly-main\Sonic-1-Prototype-Disassembly-main\SonLVL\SZ\Block.cs(8,8) : error CS0534: 'S1ObjectDefinitions.SYZ.Block' does not implement inherited abstract member 'SonicRetro.SonLVL.API.ObjectDefinition.GetBounds(SonicRetro.SonLVL.API.ObjectEntry, System.Drawing.Point)'

Loading objects from file "../Level/Sparkling Zone/ObjPos1.bin", using compression Uncompressed...
Drawing block bitmaps...
Drawing chunk bitmaps...
Load completed.
System.ArgumentOutOfRangeException: Index must be within the bounds of the List.
Parameter name: index
   at System.ThrowHelper.ThrowArgumentOutOfRangeException(ExceptionArgument argument, ExceptionResource resource)
   at System.Collections.Generic.List`1.Insert(Int32 index, T item)
   at SonicRetro.SonLVL.GUI.Extensions.Move[T](IList`1 list, Int32 src, Int32 dst) in E:\AutoBuild\SonLVL\SonLVL\Extensions.cs:line 92
   at SonicRetro.SonLVL.GUI.MainForm.PalettePanel_MouseUp(Object sender, MouseEventArgs e) in E:\AutoBuild\SonLVL\SonLVL\MainForm.cs:line 4228
   at System.Windows.Forms.Control.OnMouseUp(MouseEventArgs e)
   at System.Windows.Forms.Control.WmMouseUp(Message& m, MouseButtons button, Int32 clicks)
   at System.Windows.Forms.Control.WndProc(Message& m)
   at System.Windows.Forms.ScrollableControl.WndProc(Message& m)
   at System.Windows.Forms.Control.ControlNativeWindow.OnMessage(Message& m)
   at System.Windows.Forms.Control.ControlNativeWindow.WndProc(Message& m)
   at System.Windows.Forms.NativeWindow.Callback(IntPtr hWnd, Int32 msg, IntPtr wparam, IntPtr lparam)
System.ArgumentOutOfRangeException: Index must be within the bounds of the List.
Parameter name: index
   at System.ThrowHelper.ThrowArgumentOutOfRangeException(ExceptionArgument argument, ExceptionResource resource)
   at System.Collections.Generic.List`1.Insert(Int32 index, T item)
   at SonicRetro.SonLVL.GUI.Extensions.Move[T](IList`1 list, Int32 src, Int32 dst) in E:\AutoBuild\SonLVL\SonLVL\Extensions.cs:line 92
   at SonicRetro.SonLVL.GUI.MainForm.PalettePanel_MouseUp(Object sender, MouseEventArgs e) in E:\AutoBuild\SonLVL\SonLVL\MainForm.cs:line 4228
   at System.Windows.Forms.Control.OnMouseUp(MouseEventArgs e)
   at System.Windows.Forms.Control.WmMouseUp(Message& m, MouseButtons button, Int32 clicks)
   at System.Windows.Forms.Control.WndProc(Message& m)
   at System.Windows.Forms.ScrollableControl.WndProc(Message& m)
   at System.Windows.Forms.Control.ControlNativeWindow.OnMessage(Message& m)
   at System.Windows.Forms.Control.ControlNativeWindow.WndProc(Message& m)
   at System.Windows.Forms.NativeWindow.Callback(IntPtr hWnd, Int32 msg, IntPtr wparam, IntPtr lparam)
System.ArgumentOutOfRangeException: Index must be within the bounds of the List.
Parameter name: index
   at System.ThrowHelper.ThrowArgumentOutOfRangeException(ExceptionArgument argument, ExceptionResource resource)
   at System.Collections.Generic.List`1.Insert(Int32 index, T item)
   at SonicRetro.SonLVL.GUI.Extensions.Move[T](IList`1 list, Int32 src, Int32 dst) in E:\AutoBuild\SonLVL\SonLVL\Extensions.cs:line 92
   at SonicRetro.SonLVL.GUI.MainForm.PalettePanel_MouseUp(Object sender, MouseEventArgs e) in E:\AutoBuild\SonLVL\SonLVL\MainForm.cs:line 4240
   at System.Windows.Forms.Control.OnMouseUp(MouseEventArgs e)
   at System.Windows.Forms.Control.WmMouseUp(Message& m, MouseButtons button, Int32 clicks)
   at System.Windows.Forms.Control.WndProc(Message& m)
   at System.Windows.Forms.ScrollableControl.WndProc(Message& m)
   at System.Windows.Forms.Control.ControlNativeWindow.OnMessage(Message& m)
   at System.Windows.Forms.Control.ControlNativeWindow.WndProc(Message& m)
   at System.Windows.Forms.NativeWindow.Callback(IntPtr hWnd, Int32 msg, IntPtr wparam, IntPtr lparam)
Saving Sparkling Zone Act 1...
Saving Sparkling Zone Act 1...
Saving Sparkling Zone Act 1...
Loading Green Hill Zone Act 1...
Loading palette file "../Palettes/sonic.bin"...
Source: 0 Destination: 0 Length: 16
Loading 8x8 tiles from file "../Level/Green Hill Zone/Art1.bin", using compression Nemesis...
Loading FG layout from file "../Level/Green Hill Zone/Layout1.bin", using compression Uncompressed...
Loading 16x16 blocks from file "../Level/Green Hill Zone/Block16.bin", using compression Uncompressed...
Loading 256x256 chunks from file "../Level/Green Hill Zone/Block256.bin", using compression Kosinski...
Loading palette file "../Palettes/ghz.bin"...
Source: 0 Destination: 16 Length: 48
Loading BG layout from file "../Level/Green Hill Zone/LayBG1.bin", using compression Uncompressed...
Loading FG layout from file "../Level/Green Hill Zone/Layout2.bin", using compression Uncompressed...
Loading BG layout from file "../Level/Green Hill Zone/LayBG2.bin", using compression Uncompressed...
Loading FG layout from file "../Level/Green Hill Zone/Layout3.bin", using compression Uncompressed...
Loading BG layout from file "../Level/Green Hill Zone/LayBG3.bin", using compression Uncompressed...
Loading 8x8 tiles from file "../Level/Green Hill Zone/Art2.bin", using compression Nemesis...
Loading object definition file "obj.ini".
Loading object definition file "objGHZ.ini".
Loading ObjectDefinition type S1ObjectDefinitions.Common.Ring from "Common\Ring.cs"...
Loading ObjectDefinition type S1ObjectDefinitions.GHZ.Bridge from "GHZ\Bridge.cs"...
Loading ObjectDefinition type S1ObjectDefinitions.GHZ.SwingingPlatform from "GHZ\SwingingPlatform.cs"...
Loading ObjectDefinition type S1ObjectDefinitions.GHZ.SpikedPole from "GHZ\SpikedPole.cs"...
Compiling code file...
Compiling code file...
Compiling code file...
Compiling code file...
Compile failed.
Errors:
c:\Users\jacks\Downloads\Sonic-1-Prototype-Disassembly-main\Sonic-1-Prototype-Disassembly-main\SonLVL\GHZ\SwingingPlatform.cs(9,8) : error CS0534: 'S1ObjectDefinitions.GHZ.SwingingPlatform' does not implement inherited abstract member 'SonicRetro.SonLVL.API.ObjectDefinition.GetBounds(SonicRetro.SonLVL.API.ObjectEntry, System.Drawing.Point)'

Compile failed.
Errors:
c:\Users\jacks\Downloads\Sonic-1-Prototype-Disassembly-main\Sonic-1-Prototype-Disassembly-main\SonLVL\GHZ\Bridge.cs(9,8) : error CS0534: 'S1ObjectDefinitions.GHZ.Bridge' does not implement inherited abstract member 'SonicRetro.SonLVL.API.ObjectDefinition.GetBounds(SonicRetro.SonLVL.API.ObjectEntry, System.Drawing.Point)'

Compile failed.
Errors:
c:\Users\jacks\Downloads\Sonic-1-Prototype-Disassembly-main\Sonic-1-Prototype-Disassembly-main\SonLVL\GHZ\SpikedPole.cs(10,8) : error CS0534: 'S1ObjectDefinitions.GHZ.SpikedPole' does not implement inherited abstract member 'SonicRetro.SonLVL.API.ObjectDefinition.GetBounds(SonicRetro.SonLVL.API.ObjectEntry, System.Drawing.Point)'

Compile failed.
Errors:
c:\Users\jacks\Downloads\Sonic-1-Prototype-Disassembly-main\Sonic-1-Prototype-Disassembly-main\SonLVL\Common\Ring.cs(10,15) : error CS0534: 'S1ObjectDefinitions.Common.Ring' does not implement inherited abstract member 'SonicRetro.SonLVL.API.ObjectDefinition.GetBounds(SonicRetro.SonLVL.API.ObjectEntry, System.Drawing.Point)'

Loading objects from file "../Level/Green Hill Zone/ObjPos1.bin", using compression Uncompressed...
Drawing block bitmaps...
Drawing chunk bitmaps...
Load completed.
Saving Green Hill Zone Act 1...
Saving Green Hill Zone Act 1...
Saving Green Hill Zone Act 1...
Saving Green Hill Zone Act 1...
Saving Green Hill Zone Act 1...
Saving Green Hill Zone Act 1...
Loading Marble Zone Act 1...
Loading 16x16 blocks from file "../Level/Marble Zone/Block16.bin", using compression Uncompressed...

Loading FG layout from file "../Level/Marble Zone/Layout1.bin", using compression Uncompressed...
Loading 256x256 chunks from file "../Level/Marble Zone/Block256.bin", using compression Kosinski...
Loading palette file "../Palettes/sonic.bin"...
Source: 0 Destination: 0 Length: 16
Loading palette file "../Palettes/mz.bin"...
Source: 0 Destination: 16 Length: 48
Loading BG layout from file "../Level/Marble Zone/LayBG1.bin", using compression Uncompressed...
Loading FG layout from file "../Level/Marble Zone/Layout2.bin", using compression Uncompressed...
Loading BG layout from file "../Level/Marble Zone/LayBG2.bin", using compression Uncompressed...
Loading FG layout from file "../Level/Marble Zone/Layout3.bin", using compression Uncompressed...
Loading BG layout from file "../Level/Marble Zone/LayBG3.bin", using compression Uncompressed...
Loading object definition file "obj.ini".
Loading object definition file "objMZ.ini".
Loading ObjectDefinition type S1ObjectDefinitions.Common.Ring from "Common\Ring.cs"...
Compiling code file...
Loading ObjectDefinition type S1ObjectDefinitions.GHZ.SwingingPlatform from "GHZ\SwingingPlatform.cs"...
Compiling code file...
Loading ObjectDefinition type S1ObjectDefinitions.MZ.SidewaysStomper from "MZ\SidewaysStomper.cs"...
Compiling code file...
Unable to read file "../Art/Nemesis/Fireball.bin" with compression Nemesis:
Error loading object definition Fireball:
System.IO.FileNotFoundException: Could not find file 'C:\Users\jacks\Downloads\Sonic-1-Prototype-Disassembly-main\Sonic-1-Prototype-Disassembly-main\Art\Nemesis\Fireball.bin'.
File name: 'C:\Users\jacks\Downloads\Sonic-1-Prototype-Disassembly-main\Sonic-1-Prototype-Disassembly-main\Art\Nemesis\Fireball.bin'
   at System.IO.__Error.WinIOError(Int32 errorCode, String maybeFullPath)
   at System.IO.FileStream.Init(String path, FileMode mode, FileAccess access, Int32 rights, Boolean useRights, FileShare share, Int32 bufferSize, FileOptions options, SECURITY_ATTRIBUTES secAttrs, String msgPath, Boolean bFromProxy, Boolean useLongPath, Boolean checkHost)
   at System.IO.FileStream..ctor(String path, FileMode mode, FileAccess access, FileShare share)
   at SonicRetro.KensSharp.Nemesis.Decompress(String sourceFilePath)
   at SonicRetro.SonLVL.API.Compression.Decompress(String file, CompressionType cmp) in E:\AutoBuild\SonLVL\SonLVLAPI\Compression.cs:line 45
   at SonicRetro.SonLVL.API.LevelData.ReadFile(String file, CompressionType cmp) in E:\AutoBuild\SonLVL\SonLVLAPI\LevelData.cs:line 1370
   at SonicRetro.SonLVL.API.DefaultObjectDefinition.Init(ObjectData data) in E:\AutoBuild\SonLVL\SonLVLAPI\ObjectDefinition.cs:line 490
Compile failed.
Errors:
c:\Users\jacks\Downloads\Sonic-1-Prototype-Disassembly-main\Sonic-1-Prototype-Disassembly-main\SonLVL\MZ\SidewaysStomper.cs(8,8) : error CS0534: 'S1ObjectDefinitions.MZ.SidewaysStomper' does not implement inherited abstract member 'SonicRetro.SonLVL.API.ObjectDefinition.GetBounds(SonicRetro.SonLVL.API.ObjectEntry, System.Drawing.Point)'

Compile failed.
Errors:
c:\Users\jacks\Downloads\Sonic-1-Prototype-Disassembly-main\Sonic-1-Prototype-Disassembly-main\SonLVL\GHZ\SwingingPlatform.cs(9,8) : error CS0534: 'S1ObjectDefinitions.GHZ.SwingingPlatform' does not implement inherited abstract member 'SonicRetro.SonLVL.API.ObjectDefinition.GetBounds(SonicRetro.SonLVL.API.ObjectEntry, System.Drawing.Point)'

Compile failed.
Errors:
c:\Users\jacks\Downloads\Sonic-1-Prototype-Disassembly-main\Sonic-1-Prototype-Disassembly-main\SonLVL\Common\Ring.cs(10,15) : error CS0534: 'S1ObjectDefinitions.Common.Ring' does not implement inherited abstract member 'SonicRetro.SonLVL.API.ObjectDefinition.GetBounds(SonicRetro.SonLVL.API.ObjectEntry, System.Drawing.Point)'

Loading objects from file "../Level/Marble Zone/ObjPos1.bin", using compression Uncompressed...
Drawing block bitmaps...
Drawing chunk bitmaps...
Load completed.
Saving Marble Zone Act 1...
Saving Marble Zone Act 1...
Loading Sparkling Zone Act 1...
Loading palette file "../Palettes/sonic.bin"...
Source: 0 Destination: 0 Length: 16
Loading FG layout from file "../Level/Sparkling Zone/Layout1.bin", using compression Uncompressed...



Loading palette file "../Palettes/sz.bin"...
Source: 0 Destination: 16 Length: 48
Loading BG layout from file "../Level/Sparkling Zone/LayBG.bin", using compression Uncompressed...
Loading FG layout from file "../Level/Sparkling Zone/Layout2.bin", using compression Uncompressed...
Loading FG layout from file "../Level/Sparkling Zone/Layout3.bin", using compression Uncompressed...
Loading object definition file "obj.ini".
Loading object definition file "objSZ.ini".
Loading ObjectDefinition type S1ObjectDefinitions.Common.Ring from "Common\Ring.cs"...
Compiling code file...
Loading ObjectDefinition type S1ObjectDefinitions.SYZ.Block from "SZ\Block.cs"...
Compiling code file...
Loading ObjectDefinition type S1ObjectDefinitions.SYZ.SpikeballChain from "SZ\SpikeballChain.cs"...
Compiling code file...
Loading ObjectDefinition type S1ObjectDefinitions.SYZ.BigSpikedBall from "SZ\BigSpikedBall.cs"...
Compiling code file...
Compile failed.
Errors:
c:\Users\jacks\Downloads\Sonic-1-Prototype-Disassembly-main\Sonic-1-Prototype-Disassembly-main\SonLVL\SZ\BigSpikedBall.cs(9,8) : error CS0534: 'S1ObjectDefinitions.SYZ.BigSpikedBall' does not implement inherited abstract member 'SonicRetro.SonLVL.API.ObjectDefinition.GetBounds(SonicRetro.SonLVL.API.ObjectEntry, System.Drawing.Point)'

Compile failed.
Errors:
c:\Users\jacks\Downloads\Sonic-1-Prototype-Disassembly-main\Sonic-1-Prototype-Disassembly-main\SonLVL\SZ\SpikeballChain.cs(9,8) : error CS0534: 'S1ObjectDefinitions.SYZ.SpikeballChain' does not implement inherited abstract member 'SonicRetro.SonLVL.API.ObjectDefinition.GetBounds(SonicRetro.SonLVL.API.ObjectEntry, System.Drawing.Point)'

Compile failed.
Errors:
c:\Users\jacks\Downloads\Sonic-1-Prototype-Disassembly-main\Sonic-1-Prototype-Disassembly-main\SonLVL\Common\Ring.cs(10,15) : error CS0534: 'S1ObjectDefinitions.Common.Ring' does not implement inherited abstract member 'SonicRetro.SonLVL.API.ObjectDefinition.GetBounds(SonicRetro.SonLVL.API.ObjectEntry, System.Drawing.Point)'

Compile failed.
Errors:
c:\Users\jacks\Downloads\Sonic-1-Prototype-Disassembly-main\Sonic-1-Prototype-Disassembly-main\SonLVL\SZ\Block.cs(8,8) : error CS0534: 'S1ObjectDefinitions.SYZ.Block' does not implement inherited abstract member 'SonicRetro.SonLVL.API.ObjectDefinition.GetBounds(SonicRetro.SonLVL.API.ObjectEntry, System.Drawing.Point)'

Loading objects from file "../Level/Sparkling Zone/ObjPos1.bin", using compression Uncompressed...
Drawing block bitmaps...
Drawing chunk bitmaps...
Load completed.
Saving Sparkling Zone Act 1...
Saving Sparkling Zone Act 1...
Loading Star Light Zone Act 1...
Loading palette file "../Palettes/sonic.bin"...
Source: 0 Destination: 0 Length: 16
Loading 256x256 chunks from file "../Level/Star Light Zone/Block256.bin", using compression Kosinski...

Loading FG layout from file "../Level/Star Light Zone/Layout1.bin", using compression Uncompressed...
Loading 16x16 blocks from file "../Level/Star Light Zone/Block16.bin", using compression Uncompressed...
Loading palette file "../Palettes/slz.bin"...
Source: 0 Destination: 16 Length: 48
Loading BG layout from file "../Level/Star Light Zone/LayBG.bin", using compression Uncompressed...
Loading FG layout from file "../Level/Star Light Zone/Layout2.bin", using compression Uncompressed...
Loading FG layout from file "../Level/Star Light Zone/Layout3.bin", using compression Uncompressed...
Loading object definition file "obj.ini".
Loading object definition file "objSLZ.ini".
Loading ObjectDefinition type S1ObjectDefinitions.Common.Ring from "Common\Ring.cs"...
Compiling code file...
Compile failed.
Errors:
c:\Users\jacks\Downloads\Sonic-1-Prototype-Disassembly-main\Sonic-1-Prototype-Disassembly-main\SonLVL\Common\Ring.cs(10,15) : error CS0534: 'S1ObjectDefinitions.Common.Ring' does not implement inherited abstract member 'SonicRetro.SonLVL.API.ObjectDefinition.GetBounds(SonicRetro.SonLVL.API.ObjectEntry, System.Drawing.Point)'

Loading objects from file "../Level/Star Light Zone/ObjPos1.bin", using compression Uncompressed...
Drawing block bitmaps...
Drawing chunk bitmaps...
Load completed.
Saving Star Light Zone Act 1...
Saving Star Light Zone Act 1...
Saving Star Light Zone Act 1...
Saving Star Light Zone Act 1...
Saving Star Light Zone Act 1...
Saving Star Light Zone Act 1...
Saving Star Light Zone Act 1...
System.ArgumentOutOfRangeException: Index must be within the bounds of the List.
Parameter name: index
   at System.ThrowHelper.ThrowArgumentOutOfRangeException(ExceptionArgument argument, ExceptionResource resource)
   at System.Collections.Generic.List`1.Insert(Int32 index, T item)
   at SonicRetro.SonLVL.GUI.Extensions.Move[T](IList`1 list, Int32 src, Int32 dst) in E:\AutoBuild\SonLVL\SonLVL\Extensions.cs:line 92
   at SonicRetro.SonLVL.GUI.MainForm.PalettePanel_MouseUp(Object sender, MouseEventArgs e) in E:\AutoBuild\SonLVL\SonLVL\MainForm.cs:line 4228
   at System.Windows.Forms.Control.OnMouseUp(MouseEventArgs e)
   at System.Windows.Forms.Control.WmMouseUp(Message& m, MouseButtons button, Int32 clicks)
   at System.Windows.Forms.Control.WndProc(Message& m)
   at System.Windows.Forms.ScrollableControl.WndProc(Message& m)
   at System.Windows.Forms.Control.ControlNativeWindow.OnMessage(Message& m)
   at System.Windows.Forms.Control.ControlNativeWindow.WndProc(Message& m)
   at System.Windows.Forms.NativeWindow.Callback(IntPtr hWnd, Int32 msg, IntPtr wparam, IntPtr lparam)
System.ArgumentOutOfRangeException: Index must be within the bounds of the List.
Parameter name: index
   at System.ThrowHelper.ThrowArgumentOutOfRangeException(ExceptionArgument argument, ExceptionResource resource)
   at System.Collections.Generic.List`1.Insert(Int32 index, T item)
   at SonicRetro.SonLVL.GUI.Extensions.Move[T](IList`1 list, Int32 src, Int32 dst) in E:\AutoBuild\SonLVL\SonLVL\Extensions.cs:line 92
   at SonicRetro.SonLVL.GUI.MainForm.PalettePanel_MouseUp(Object sender, MouseEventArgs e) in E:\AutoBuild\SonLVL\SonLVL\MainForm.cs:line 4228
   at System.Windows.Forms.Control.OnMouseUp(MouseEventArgs e)
   at System.Windows.Forms.Control.WmMouseUp(Message& m, MouseButtons button, Int32 clicks)
   at System.Windows.Forms.Control.WndProc(Message& m)
   at System.Windows.Forms.ScrollableControl.WndProc(Message& m)
   at System.Windows.Forms.Control.ControlNativeWindow.OnMessage(Message& m)
   at System.Windows.Forms.Control.ControlNativeWindow.WndProc(Message& m)
   at System.Windows.Forms.NativeWindow.Callback(IntPtr hWnd, Int32 msg, IntPtr wparam, IntPtr lparam)
System.ArgumentOutOfRangeException: Index must be within the bounds of the List.
Parameter name: index
   at System.ThrowHelper.ThrowArgumentOutOfRangeException(ExceptionArgument argument, ExceptionResource resource)
   at System.Collections.Generic.List`1.Insert(Int32 index, T item)
   at SonicRetro.SonLVL.GUI.Extensions.Move[T](IList`1 list, Int32 src, Int32 dst) in E:\AutoBuild\SonLVL\SonLVL\Extensions.cs:line 92
   at SonicRetro.SonLVL.GUI.MainForm.PalettePanel_MouseUp(Object sender, MouseEventArgs e) in E:\AutoBuild\SonLVL\SonLVL\MainForm.cs:line 4228
   at System.Windows.Forms.Control.OnMouseUp(MouseEventArgs e)
   at System.Windows.Forms.Control.WmMouseUp(Message& m, MouseButtons button, Int32 clicks)
   at System.Windows.Forms.Control.WndProc(Message& m)
   at System.Windows.Forms.ScrollableControl.WndProc(Message& m)
   at System.Windows.Forms.Control.ControlNativeWindow.OnMessage(Message& m)
   at System.Windows.Forms.Control.ControlNativeWindow.WndProc(Message& m)
   at System.Windows.Forms.NativeWindow.Callback(IntPtr hWnd, Int32 msg, IntPtr wparam, IntPtr lparam)
System.ArgumentOutOfRangeException: Index must be within the bounds of the List.
Parameter name: index
   at System.ThrowHelper.ThrowArgumentOutOfRangeException(ExceptionArgument argument, ExceptionResource resource)
   at System.Collections.Generic.List`1.Insert(Int32 index, T item)
   at SonicRetro.SonLVL.GUI.Extensions.Move[T](IList`1 list, Int32 src, Int32 dst) in E:\AutoBuild\SonLVL\SonLVL\Extensions.cs:line 92
   at SonicRetro.SonLVL.GUI.MainForm.PalettePanel_MouseUp(Object sender, MouseEventArgs e) in E:\AutoBuild\SonLVL\SonLVL\MainForm.cs:line 4228
   at System.Windows.Forms.Control.OnMouseUp(MouseEventArgs e)
   at System.Windows.Forms.Control.WmMouseUp(Message& m, MouseButtons button, Int32 clicks)
   at System.Windows.Forms.Control.WndProc(Message& m)
   at System.Windows.Forms.ScrollableControl.WndProc(Message& m)
   at System.Windows.Forms.Control.ControlNativeWindow.OnMessage(Message& m)
   at System.Windows.Forms.Control.ControlNativeWindow.WndProc(Message& m)
   at System.Windows.Forms.NativeWindow.Callback(IntPtr hWnd, Int32 msg, IntPtr wparam, IntPtr lparam)
System.ArgumentOutOfRangeException: Index must be within the bounds of the List.
Parameter name: index
   at System.ThrowHelper.ThrowArgumentOutOfRangeException(ExceptionArgument argument, ExceptionResource resource)
   at System.Collections.Generic.List`1.Insert(Int32 index, T item)
   at SonicRetro.SonLVL.GUI.Extensions.Move[T](IList`1 list, Int32 src, Int32 dst) in E:\AutoBuild\SonLVL\SonLVL\Extensions.cs:line 92
   at SonicRetro.SonLVL.GUI.MainForm.PalettePanel_MouseUp(Object sender, MouseEventArgs e) in E:\AutoBuild\SonLVL\SonLVL\MainForm.cs:line 4228
   at System.Windows.Forms.Control.OnMouseUp(MouseEventArgs e)
   at System.Windows.Forms.Control.WmMouseUp(Message& m, MouseButtons button, Int32 clicks)
   at System.Windows.Forms.Control.WndProc(Message& m)
   at System.Windows.Forms.ScrollableControl.WndProc(Message& m)
   at System.Windows.Forms.Control.ControlNativeWindow.OnMessage(Message& m)
   at System.Windows.Forms.Control.ControlNativeWindow.WndProc(Message& m)
   at System.Windows.Forms.NativeWindow.Callback(IntPtr hWnd, Int32 msg, IntPtr wparam, IntPtr lparam)
System.ArgumentOutOfRangeException: Index must be within the bounds of the List.
Parameter name: index
   at System.ThrowHelper.ThrowArgumentOutOfRangeException(ExceptionArgument argument, ExceptionResource resource)
   at System.Collections.Generic.List`1.Insert(Int32 index, T item)
   at SonicRetro.SonLVL.GUI.Extensions.Move[T](IList`1 list, Int32 src, Int32 dst) in E:\AutoBuild\SonLVL\SonLVL\Extensions.cs:line 92
   at SonicRetro.SonLVL.GUI.MainForm.PalettePanel_MouseUp(Object sender, MouseEventArgs e) in E:\AutoBuild\SonLVL\SonLVL\MainForm.cs:line 4228
   at System.Windows.Forms.Control.OnMouseUp(MouseEventArgs e)
   at System.Windows.Forms.Control.WmMouseUp(Message& m, MouseButtons button, Int32 clicks)
   at System.Windows.Forms.Control.WndProc(Message& m)
   at System.Windows.Forms.ScrollableControl.WndProc(Message& m)
   at System.Windows.Forms.Control.ControlNativeWindow.OnMessage(Message& m)
   at System.Windows.Forms.Control.ControlNativeWindow.WndProc(Message& m)
   at System.Windows.Forms.NativeWindow.Callback(IntPtr hWnd, Int32 msg, IntPtr wparam, IntPtr lparam)
Saving Star Light Zone Act 1...
Saving Star Light Zone Act 1...
Saving Star Light Zone Act 1...
Saving Star Light Zone Act 1...
Saving Star Light Zone Act 1...
Saving Star Light Zone Act 1...
Saving Star Light Zone Act 1...
Saving Star Light Zone Act 1...
Saving Star Light Zone Act 1...
Saving Star Light Zone Act 1...
Saving Star Light Zone Act 1...
Saving Star Light Zone Act 1...
Saving Star Light Zone Act 1...
Loading Sparkling Zone Act 1...
Loading palette file "../Palettes/sonic.bin"...
Source: 0 Destination: 0 Length: 16
Loading 16x16 blocks from file "../Level/Sparkling Zone/Block16.bin", using compression Uncompressed...
Loading 256x256 chunks from file "../Level/Sparkling Zone/Block256.bin", using compression Kosinski...
Loading 8x8 tiles from file "../Level/Sparkling Zone/Art.bin", using compression Nemesis...
Loading palette file "../Palettes/sz.bin"...
Source: 0 Destination: 16 Length: 48
Loading BG layout from file "../Level/Sparkling Zone/LayBG.bin", using compression Uncompressed...
Loading FG layout from file "../Level/Sparkling Zone/Layout2.bin", using compression Uncompressed...
Loading FG layout from file "../Level/Sparkling Zone/Layout3.bin", using compression Uncompressed...
Loading object definition file "obj.ini".
Loading object definition file "objSZ.ini".
Loading ObjectDefinition type S1ObjectDefinitions.Common.Ring from "Common\Ring.cs"...
Compiling code file...
Loading ObjectDefinition type S1ObjectDefinitions.SYZ.Block from "SZ\Block.cs"...
Loading ObjectDefinition type S1ObjectDefinitions.SYZ.SpikeballChain from "SZ\SpikeballChain.cs"...
Compiling code file...
Compiling code file...
Loading ObjectDefinition type S1ObjectDefinitions.SYZ.BigSpikedBall from "SZ\BigSpikedBall.cs"...
Compiling code file...
Compile failed.
Errors:
c:\Users\jacks\Downloads\Sonic-1-Prototype-Disassembly-main\Sonic-1-Prototype-Disassembly-main\SonLVL\SZ\BigSpikedBall.cs(9,8) : error CS0534: 'S1ObjectDefinitions.SYZ.BigSpikedBall' does not implement inherited abstract member 'SonicRetro.SonLVL.API.ObjectDefinition.GetBounds(SonicRetro.SonLVL.API.ObjectEntry, System.Drawing.Point)'

Compile failed.
Errors:
c:\Users\jacks\Downloads\Sonic-1-Prototype-Disassembly-main\Sonic-1-Prototype-Disassembly-main\SonLVL\SZ\SpikeballChain.cs(9,8) : error CS0534: 'S1ObjectDefinitions.SYZ.SpikeballChain' does not implement inherited abstract member 'SonicRetro.SonLVL.API.ObjectDefinition.GetBounds(SonicRetro.SonLVL.API.ObjectEntry, System.Drawing.Point)'

Compile failed.
Errors:
c:\Users\jacks\Downloads\Sonic-1-Prototype-Disassembly-main\Sonic-1-Prototype-Disassembly-main\SonLVL\SZ\Block.cs(8,8) : error CS0534: 'S1ObjectDefinitions.SYZ.Block' does not implement inherited abstract member 'SonicRetro.SonLVL.API.ObjectDefinition.GetBounds(SonicRetro.SonLVL.API.ObjectEntry, System.Drawing.Point)'

Compile failed.
Errors:
c:\Users\jacks\Downloads\Sonic-1-Prototype-Disassembly-main\Sonic-1-Prototype-Disassembly-main\SonLVL\Common\Ring.cs(10,15) : error CS0534: 'S1ObjectDefinitions.Common.Ring' does not implement inherited abstract member 'SonicRetro.SonLVL.API.ObjectDefinition.GetBounds(SonicRetro.SonLVL.API.ObjectEntry, System.Drawing.Point)'

Loading objects from file "../Level/Sparkling Zone/ObjPos1.bin", using compression Uncompressed...
Drawing block bitmaps...
Drawing chunk bitmaps...
Load completed.
System.ArgumentOutOfRangeException: Index must be within the bounds of the List.
Parameter name: index
   at System.ThrowHelper.ThrowArgumentOutOfRangeException(ExceptionArgument argument, ExceptionResource resource)
   at System.Collections.Generic.List`1.Insert(Int32 index, T item)
   at SonicRetro.SonLVL.GUI.Extensions.Move[T](IList`1 list, Int32 src, Int32 dst) in E:\AutoBuild\SonLVL\SonLVL\Extensions.cs:line 92
   at SonicRetro.SonLVL.GUI.MainForm.PalettePanel_MouseUp(Object sender, MouseEventArgs e) in E:\AutoBuild\SonLVL\SonLVL\MainForm.cs:line 4228
   at System.Windows.Forms.Control.OnMouseUp(MouseEventArgs e)
   at System.Windows.Forms.Control.WmMouseUp(Message& m, MouseButtons button, Int32 clicks)
   at System.Windows.Forms.Control.WndProc(Message& m)
   at System.Windows.Forms.ScrollableControl.WndProc(Message& m)
   at System.Windows.Forms.Control.ControlNativeWindow.OnMessage(Message& m)
   at System.Windows.Forms.Control.ControlNativeWindow.WndProc(Message& m)
   at System.Windows.Forms.NativeWindow.Callback(IntPtr hWnd, Int32 msg, IntPtr wparam, IntPtr lparam)
Saving Sparkling Zone Act 1...
Saving Sparkling Zone Act 1...
Saving Sparkling Zone Act 1...
Saving Sparkling Zone Act 1...
Saving Sparkling Zone Act 1...
Saving Sparkling Zone Act 1...
Saving Sparkling Zone Act 1...
Saving Sparkling Zone Act 1...
Saving Sparkling Zone Act 1...
Saving Sparkling Zone Act 1...
Loading Sparkling Zone Act 2...
Loading palette file "../Palettes/sonic.bin"...
Source: 0 Destination: 0 Length: 16
Loading 16x16 blocks from file "../Level/Sparkling Zone/Block16.bin", using compression Uncompressed...

Loading FG layout from file "../Level/Sparkling Zone/Layout2.bin", using compression Uncompressed...
Loading 256x256 chunks from file "../Level/Sparkling Zone/Block256.bin", using compression Kosinski...
Loading palette file "../Palettes/sz.bin"...
Source: 0 Destination: 16 Length: 48
Loading BG layout from file "../Level/Sparkling Zone/LayBG.bin", using compression Uncompressed...
Loading FG layout from file "../Level/Sparkling Zone/Layout1.bin", using compression Uncompressed...
Loading FG layout from file "../Level/Sparkling Zone/Layout3.bin", using compression Uncompressed...
Loading object definition file "obj.ini".
Loading object definition file "objSZ.ini".
Loading ObjectDefinition type S1ObjectDefinitions.Common.Ring from "Common\Ring.cs"...
Compiling code file...
Loading ObjectDefinition type S1ObjectDefinitions.SYZ.Block from "SZ\Block.cs"...
Compiling code file...
Loading ObjectDefinition type S1ObjectDefinitions.SYZ.SpikeballChain from "SZ\SpikeballChain.cs"...
Compiling code file...
Loading ObjectDefinition type S1ObjectDefinitions.SYZ.BigSpikedBall from "SZ\BigSpikedBall.cs"...
Compiling code file...
Compile failed.
Errors:
c:\Users\jacks\Downloads\Sonic-1-Prototype-Disassembly-main\Sonic-1-Prototype-Disassembly-main\SonLVL\SZ\SpikeballChain.cs(9,8) : error CS0534: 'S1ObjectDefinitions.SYZ.SpikeballChain' does not implement inherited abstract member 'SonicRetro.SonLVL.API.ObjectDefinition.GetBounds(SonicRetro.SonLVL.API.ObjectEntry, System.Drawing.Point)'

Compile failed.
Errors:
c:\Users\jacks\Downloads\Sonic-1-Prototype-Disassembly-main\Sonic-1-Prototype-Disassembly-main\SonLVL\SZ\Block.cs(8,8) : error CS0534: 'S1ObjectDefinitions.SYZ.Block' does not implement inherited abstract member 'SonicRetro.SonLVL.API.ObjectDefinition.GetBounds(SonicRetro.SonLVL.API.ObjectEntry, System.Drawing.Point)'

Compile failed.
Errors:
c:\Users\jacks\Downloads\Sonic-1-Prototype-Disassembly-main\Sonic-1-Prototype-Disassembly-main\SonLVL\SZ\BigSpikedBall.cs(9,8) : error CS0534: 'S1ObjectDefinitions.SYZ.BigSpikedBall' does not implement inherited abstract member 'SonicRetro.SonLVL.API.ObjectDefinition.GetBounds(SonicRetro.SonLVL.API.ObjectEntry, System.Drawing.Point)'

Compile failed.
Errors:
c:\Users\jacks\Downloads\Sonic-1-Prototype-Disassembly-main\Sonic-1-Prototype-Disassembly-main\SonLVL\Common\Ring.cs(10,15) : error CS0534: 'S1ObjectDefinitions.Common.Ring' does not implement inherited abstract member 'SonicRetro.SonLVL.API.ObjectDefinition.GetBounds(SonicRetro.SonLVL.API.ObjectEntry, System.Drawing.Point)'

Loading objects from file "../Level/Sparkling Zone/ObjPos2.bin", using compression Uncompressed...
Drawing block bitmaps...
Drawing chunk bitmaps...
Load completed.
System.OutOfMemoryException: Out of memory.
   at System.Drawing.Graphics.CheckErrorStatus(Int32 status)
   at System.Drawing.Graphics.DrawImage(Image image, Int32 x, Int32 y, Int32 width, Int32 height)
   at SonicRetro.SonLVL.GUI.MainForm.DrawLevel() in E:\AutoBuild\SonLVL\SonLVL\MainForm.cs:line 1842
   at SonicRetro.SonLVL.GUI.MainForm.foregroundPanel_MouseMove(Object sender, MouseEventArgs e) in E:\AutoBuild\SonLVL\SonLVL\MainForm.cs:line 2919
   at System.Windows.Forms.MouseEventHandler.Invoke(Object sender, MouseEventArgs e)
   at SonicRetro.SonLVL.ScrollingPanel.panel_MouseMove(Object sender, MouseEventArgs e) in E:\AutoBuild\SonLVL\SonLVL\ScrollingPanel.cs:line 162
   at System.Windows.Forms.Control.OnMouseMove(MouseEventArgs e)
   at System.Windows.Forms.Control.WmMouseMove(Message& m)
   at System.Windows.Forms.Control.WndProc(Message& m)
   at System.Windows.Forms.ScrollableControl.WndProc(Message& m)
   at System.Windows.Forms.ContainerControl.WndProc(Message& m)
   at System.Windows.Forms.UserControl.WndProc(Message& m)
   at System.Windows.Forms.Control.ControlNativeWindow.OnMessage(Message& m)
   at System.Windows.Forms.Control.ControlNativeWindow.WndProc(Message& m)
   at System.Windows.Forms.NativeWindow.Callback(IntPtr hWnd, Int32 msg, IntPtr wparam, IntPtr lparam)
